Started GET "/" for 127.0.0.1 at 2025-01-05 10:04:06 -0500
  [1m[35m (0.2ms)[0m  [1m[35mCREATE TABLE "schema_migrations" ("version" varchar NOT NULL PRIMARY KEY) /*application='Store'*/[0m
  [1m[35m (0.1ms)[0m  [1m[35mCREATE TABLE "ar_internal_metadata" ("key" varchar NOT NULL PRIMARY KEY, "value" varchar, "created_at" datetime(6) NOT NULL, "updated_at" datetime(6) NOT NULL) /*application='Store'*/[0m
  [1m[36mActiveRecord::SchemaMigration Load (0.1ms)[0m  [1m[34mSELECT "schema_migrations"."version" FROM "schema_migrations" ORDER BY "schema_migrations"."version" ASC /*application='Store'*/[0m
Processing by Rails::WelcomeController#index as HTML
  Rendering /Users/matt/.rbenv/versions/3.4.1/lib/ruby/gems/3.4.0/gems/railties-8.0.1/lib/rails/templates/rails/welcome/index.html.erb
  Rendered /Users/matt/.rbenv/versions/3.4.1/lib/ruby/gems/3.4.0/gems/railties-8.0.1/lib/rails/templates/rails/welcome/index.html.erb (Duration: 0.2ms | GC: 0.0ms)
Completed 200 OK in 36ms (Views: 2.6ms | ActiveRecord: 0.0ms (0 queries, 0 cached) | GC: 0.0ms)


  [1m[36mActiveRecord::InternalMetadata Load (0.2ms)[0m  [1m[34mSELECT * FROM "ar_internal_metadata" WHERE "ar_internal_metadata"."key" = 'environment' ORDER BY "ar_internal_metadata"."key" ASC LIMIT 1 /*application='Store'*/[0m
  [1m[36mActiveRecord::InternalMetadata Create (0.2ms)[0m  [1m[32mINSERT INTO "ar_internal_metadata" ("key", "value", "created_at", "updated_at") VALUES ('environment', 'development', '2025-01-05 15:17:13.777448', '2025-01-05 15:17:13.777449') RETURNING "key" /*application='Store'*/[0m
  [1m[36mActiveRecord::SchemaMigration Load (0.0ms)[0m  [1m[34mSELECT "schema_migrations"."version" FROM "schema_migrations" ORDER BY "schema_migrations"."version" ASC /*application='Store'*/[0m
Migrating to CreateProducts (20250105150613)
  [1m[36mTRANSACTION (0.0ms)[0m  [1m[35mBEGIN immediate TRANSACTION /*application='Store'*/[0m
  [1m[35m (0.6ms)[0m  [1m[35mCREATE TABLE "products" ("id" integer PRIMARY KEY AUTOINCREMENT NOT NULL, "name" varchar, "created_at" datetime(6) NOT NULL, "updated_at" datetime(6) NOT NULL) /*application='Store'*/[0m
  [1m[36mActiveRecord::SchemaMigration Create (0.0ms)[0m  [1m[32mINSERT INTO "schema_migrations" ("version") VALUES ('20250105150613') RETURNING "version" /*application='Store'*/[0m
  [1m[36mTRANSACTION (0.1ms)[0m  [1m[35mCOMMIT TRANSACTION /*application='Store'*/[0m
  [1m[36mActiveRecord::SchemaMigration Load (0.0ms)[0m  [1m[34mSELECT "schema_migrations"."version" FROM "schema_migrations" ORDER BY "schema_migrations"."version" ASC /*application='Store'*/[0m
  [1m[36mTRANSACTION (0.2ms)[0m  [1m[35mBEGIN immediate TRANSACTION /*application='Store'*/[0m
  [1m[36mProduct Create (1.2ms)[0m  [1m[32mINSERT INTO "products" ("name", "created_at", "updated_at") VALUES ('T-Shirt', '2025-01-05 15:18:47.615296', '2025-01-05 15:18:47.615296') RETURNING "id" /*application='Store'*/[0m
  [1m[36mTRANSACTION (1.3ms)[0m  [1m[35mCOMMIT TRANSACTION /*application='Store'*/[0m
  [1m[36mProduct Load (0.1ms)[0m  [1m[34mSELECT "products".* FROM "products" /* loading for pp */ LIMIT 11 /*application='Store'*/[0m
  [1m[36mTRANSACTION (0.2ms)[0m  [1m[35mBEGIN immediate TRANSACTION /*application='Store'*/[0m
  [1m[36mProduct Create (1.0ms)[0m  [1m[32mINSERT INTO "products" ("name", "created_at", "updated_at") VALUES ('Pants', '2025-01-05 15:20:31.314015', '2025-01-05 15:20:31.314015') RETURNING "id" /*application='Store'*/[0m
  [1m[36mTRANSACTION (0.3ms)[0m  [1m[35mCOMMIT TRANSACTION /*application='Store'*/[0m
  [1m[36mProduct Load (0.4ms)[0m  [1m[34mSELECT "products".* FROM "products" /* loading for pp */ LIMIT 11 /*application='Store'*/[0m
Started GET "/" for 127.0.0.1 at 2025-01-05 10:48:04 -0500
  [1m[36mActiveRecord::SchemaMigration Load (0.1ms)[0m  [1m[34mSELECT "schema_migrations"."version" FROM "schema_migrations" ORDER BY "schema_migrations"."version" ASC /*application='Store'*/[0m
Processing by Rails::WelcomeController#index as HTML
  Rendering /Users/matt/.rbenv/versions/3.4.1/lib/ruby/gems/3.4.0/gems/railties-8.0.1/lib/rails/templates/rails/welcome/index.html.erb
  Rendered /Users/matt/.rbenv/versions/3.4.1/lib/ruby/gems/3.4.0/gems/railties-8.0.1/lib/rails/templates/rails/welcome/index.html.erb (Duration: 0.3ms | GC: 0.0ms)
Completed 200 OK in 35ms (Views: 1.1ms | ActiveRecord: 0.0ms (0 queries, 0 cached) | GC: 0.0ms)


Started GET "/" for 127.0.0.1 at 2025-01-05 10:48:28 -0500
Processing by ProductsController#index as HTML
  Rendering layout layouts/application.html.erb
  Rendering products/index.html.erb within layouts/application
  Rendered products/index.html.erb within layouts/application (Duration: 0.1ms | GC: 0.0ms)
  Rendered layout layouts/application.html.erb (Duration: 4.5ms | GC: 0.0ms)
Completed 200 OK in 38ms (Views: 5.2ms | ActiveRecord: 0.0ms (0 queries, 0 cached) | GC: 0.0ms)


Started GET "/assets/application-8b441ae0.css" for 127.0.0.1 at 2025-01-05 10:48:28 -0500
Started GET "/assets/application-bfcdf840.js" for 127.0.0.1 at 2025-01-05 10:48:28 -0500
Started GET "/assets/turbo.min-fae85750.js" for 127.0.0.1 at 2025-01-05 10:48:28 -0500
Started GET "/assets/controllers/hello_controller-708796bd.js" for 127.0.0.1 at 2025-01-05 10:48:28 -0500
Started GET "/assets/controllers/index-ee64e1f1.js" for 127.0.0.1 at 2025-01-05 10:48:28 -0500
Started GET "/assets/stimulus.min-4b1e420e.js" for 127.0.0.1 at 2025-01-05 10:48:28 -0500
Started GET "/assets/stimulus-loading-1fc53fe7.js" for 127.0.0.1 at 2025-01-05 10:48:28 -0500
Started GET "/assets/controllers/application-3affb389.js" for 127.0.0.1 at 2025-01-05 10:48:28 -0500
Started GET "/" for 127.0.0.1 at 2025-01-05 10:49:30 -0500
Processing by ProductsController#index as HTML
  Rendering layout layouts/application.html.erb
  Rendering products/index.html.erb within layouts/application
  Rendered products/index.html.erb within layouts/application (Duration: 0.3ms | GC: 0.0ms)
  Rendered layout layouts/application.html.erb (Duration: 5.2ms | GC: 0.0ms)
Completed 200 OK in 28ms (Views: 6.0ms | ActiveRecord: 0.0ms (0 queries, 0 cached) | GC: 0.0ms)


Started GET "/" for 127.0.0.1 at 2025-01-05 10:49:48 -0500
Processing by ProductsController#index as HTML
  Rendering layout layouts/application.html.erb
  Rendering products/index.html.erb within layouts/application
  Rendered products/index.html.erb within layouts/application (Duration: 4.7ms | GC: 2.6ms)
  Rendered layout layouts/application.html.erb (Duration: 4.8ms | GC: 2.6ms)
Completed 500 Internal Server Error in 28ms (ActiveRecord: 0.0ms (0 queries, 0 cached) | GC: 3.6ms)


  
ActionView::Template::Error (undefined method 'each' for nil)
Caused by: NoMethodError (undefined method 'each' for nil)

Information for: ActionView::Template::Error (undefined method 'each' for nil):
    1: <h1>Products</h1>
    2: 
    3: <div id="products">
    4:   <% @products.each do |product| %>
    5:     <div>
    6:       <%= product.name %>
    7:     </div>
  
app/views/products/index.html.erb:4

Information for cause: NoMethodError (undefined method 'each' for nil):
  
app/views/products/index.html.erb:4
Started GET "/favicon.ico" for 127.0.0.1 at 2025-01-05 10:49:49 -0500
  
ActionController::RoutingError (No route matches [GET] "/favicon.ico"):
  
  [1m[36mProduct Load (3.8ms)[0m  [1m[34mSELECT "products".* FROM "products" /* loading for pp */ LIMIT 11 /*application='Store'*/[0m
  [1m[36mProduct Load (2.5ms)[0m  [1m[34mSELECT "products".* FROM "products" /* loading for pp */ LIMIT 11 /*application='Store'*/[0m
  [1m[36mActiveRecord::InternalMetadata Load (0.0ms)[0m  [1m[34mSELECT * FROM "ar_internal_metadata" WHERE "ar_internal_metadata"."key" = 'environment' ORDER BY "ar_internal_metadata"."key" ASC LIMIT 1 /*application='Store'*/[0m
  [1m[36mActiveRecord::SchemaMigration Load (0.0ms)[0m  [1m[34mSELECT "schema_migrations"."version" FROM "schema_migrations" ORDER BY "schema_migrations"."version" ASC /*application='Store'*/[0m
  [1m[36mActiveRecord::SchemaMigration Load (0.0ms)[0m  [1m[34mSELECT "schema_migrations"."version" FROM "schema_migrations" ORDER BY "schema_migrations"."version" ASC /*application='Store'*/[0m
Started GET "/" for 127.0.0.1 at 2025-01-05 10:56:32 -0500
  [1m[36mActiveRecord::SchemaMigration Load (0.1ms)[0m  [1m[34mSELECT "schema_migrations"."version" FROM "schema_migrations" ORDER BY "schema_migrations"."version" ASC /*application='Store'*/[0m
Processing by ProductsController#index as HTML
  Rendering layout layouts/application.html.erb
  Rendering products/index.html.erb within layouts/application
  Rendered products/index.html.erb within layouts/application (Duration: 0.5ms | GC: 0.0ms)
  Rendered layout layouts/application.html.erb (Duration: 0.6ms | GC: 0.0ms)
Completed 500 Internal Server Error in 37ms (ActiveRecord: 0.0ms (0 queries, 0 cached) | GC: 0.0ms)


  
ActionView::Template::Error (undefined method 'each' for nil)
Caused by: NoMethodError (undefined method 'each' for nil)

Information for: ActionView::Template::Error (undefined method 'each' for nil):
    1: <h1>Products</h1>
    2: 
    3: <div id="products">
    4:   <% @products.each do |product| %>
    5:     <div>
    6:       <%= product.name %>
    7:     </div>
  
app/views/products/index.html.erb:4

Information for cause: NoMethodError (undefined method 'each' for nil):
  
app/views/products/index.html.erb:4
Started GET "/products" for 127.0.0.1 at 2025-01-05 10:56:43 -0500
Processing by ProductsController#index as HTML
  Rendering layout layouts/application.html.erb
  Rendering products/index.html.erb within layouts/application
  Rendered products/index.html.erb within layouts/application (Duration: 0.7ms | GC: 0.5ms)
  Rendered layout layouts/application.html.erb (Duration: 0.9ms | GC: 0.5ms)
Completed 500 Internal Server Error in 35ms (ActiveRecord: 0.0ms (0 queries, 0 cached) | GC: 0.6ms)


  
ActionView::Template::Error (undefined method 'each' for nil)
Caused by: NoMethodError (undefined method 'each' for nil)

Information for: ActionView::Template::Error (undefined method 'each' for nil):
    1: <h1>Products</h1>
    2: 
    3: <div id="products">
    4:   <% @products.each do |product| %>
    5:     <div>
    6:       <%= product.name %>
    7:     </div>
  
app/views/products/index.html.erb:4

Information for cause: NoMethodError (undefined method 'each' for nil):
  
app/views/products/index.html.erb:4
  [1m[36mProduct Load (3.4ms)[0m  [1m[34mSELECT "products".* FROM "products" /* loading for pp */ LIMIT 11 /*application='Store'*/[0m
Started GET "/" for 127.0.0.1 at 2025-01-05 11:00:23 -0500
  [1m[36mActiveRecord::SchemaMigration Load (0.1ms)[0m  [1m[34mSELECT "schema_migrations"."version" FROM "schema_migrations" ORDER BY "schema_migrations"."version" ASC /*application='Store'*/[0m
Processing by ProductsController#index as HTML
  Rendering layout layouts/application.html.erb
  Rendering products/index.html.erb within layouts/application
  Rendered products/index.html.erb within layouts/application (Duration: 0.2ms | GC: 0.0ms)
  Rendered layout layouts/application.html.erb (Duration: 4.7ms | GC: 0.0ms)
Completed 200 OK in 42ms (Views: 5.9ms | ActiveRecord: 0.0ms (0 queries, 0 cached) | GC: 0.0ms)


Started GET "/" for 127.0.0.1 at 2025-01-05 11:03:53 -0500
Processing by ProductsController#index as HTML
  Rendering layout layouts/application.html.erb
  Rendering products/index.html.erb within layouts/application
  [1m[36mProduct Load (0.6ms)[0m  [1m[34mSELECT "products".* FROM "products" /*action='index',application='Store',controller='products'*/[0m
  ↳ app/views/products/index.html.erb:1
  Rendered products/index.html.erb within layouts/application (Duration: 3.9ms | GC: 0.0ms)
  Rendered layout layouts/application.html.erb (Duration: 5.1ms | GC: 0.0ms)
Completed 200 OK in 33ms (Views: 4.9ms | ActiveRecord: 0.8ms (1 query, 0 cached) | GC: 0.0ms)


Started GET "/" for 127.0.0.1 at 2025-01-05 11:04:07 -0500
Processing by ProductsController#index as HTML
  Rendering layout layouts/application.html.erb
  Rendering products/index.html.erb within layouts/application
  [1m[36mProduct Load (0.5ms)[0m  [1m[34mSELECT "products".* FROM "products" /*action='index',application='Store',controller='products'*/[0m
  ↳ app/views/products/index.html.erb:4
  Rendered products/index.html.erb within layouts/application (Duration: 2.4ms | GC: 0.0ms)
  Rendered layout layouts/application.html.erb (Duration: 3.6ms | GC: 0.0ms)
Completed 200 OK in 28ms (Views: 3.6ms | ActiveRecord: 0.7ms (1 query, 0 cached) | GC: 0.0ms)


Started GET "/" for 127.0.0.1 at 2025-01-05 11:04:58 -0500
Processing by ProductsController#index as HTML
  Rendering layout layouts/application.html.erb
  Rendering products/index.html.erb within layouts/application
  [1m[36mProduct Load (0.5ms)[0m  [1m[34mSELECT "products".* FROM "products" /*action='index',application='Store',controller='products'*/[0m
  ↳ app/views/products/index.html.erb:4
  Rendered products/index.html.erb within layouts/application (Duration: 2.7ms | GC: 0.3ms)
  Rendered layout layouts/application.html.erb (Duration: 3.8ms | GC: 0.3ms)
Completed 200 OK in 25ms (Views: 3.8ms | ActiveRecord: 0.7ms (1 query, 0 cached) | GC: 0.7ms)


Started GET "/" for 127.0.0.1 at 2025-01-05 11:07:19 -0500
Processing by ProductsController#index as HTML
  Rendering layout layouts/application.html.erb
  Rendering products/index.html.erb within layouts/application
  [1m[36mProduct Load (0.5ms)[0m  [1m[34mSELECT "products".* FROM "products" /*action='index',application='Store',controller='products'*/[0m
  ↳ app/views/products/index.html.erb:4
  Rendered products/index.html.erb within layouts/application (Duration: 2.4ms | GC: 0.0ms)
  Rendered layout layouts/application.html.erb (Duration: 3.5ms | GC: 0.1ms)
Completed 200 OK in 28ms (Views: 3.6ms | ActiveRecord: 0.7ms (1 query, 0 cached) | GC: 0.3ms)


Started GET "/products/1" for 127.0.0.1 at 2025-01-05 11:07:20 -0500
Processing by ProductsController#show as HTML
  Parameters: {"id" => "1"}
  [1m[36mProduct Load (0.1ms)[0m  [1m[34mSELECT "products".* FROM "products" WHERE "products"."id" = 1 LIMIT 1 /*action='show',application='Store',controller='products'*/[0m
  ↳ app/controllers/products_controller.rb:7:in 'ProductsController#show'
  Rendering layout layouts/application.html.erb
  Rendering products/show.html.erb within layouts/application
  Rendered products/show.html.erb within layouts/application (Duration: 0.3ms | GC: 0.0ms)
  Rendered layout layouts/application.html.erb (Duration: 0.7ms | GC: 0.0ms)
Completed 200 OK in 34ms (Views: 0.8ms | ActiveRecord: 0.1ms (1 query, 0 cached) | GC: 0.2ms)


Started GET "/products" for 127.0.0.1 at 2025-01-05 11:07:20 -0500
Processing by ProductsController#index as HTML
  Rendering layout layouts/application.html.erb
  Rendering products/index.html.erb within layouts/application
  [1m[36mProduct Load (0.1ms)[0m  [1m[34mSELECT "products".* FROM "products" /*action='index',application='Store',controller='products'*/[0m
  ↳ app/views/products/index.html.erb:4
  Rendered products/index.html.erb within layouts/application (Duration: 0.6ms | GC: 0.0ms)
  Rendered layout layouts/application.html.erb (Duration: 1.1ms | GC: 0.0ms)
Completed 200 OK in 35ms (Views: 1.2ms | ActiveRecord: 0.1ms (1 query, 0 cached) | GC: 0.0ms)


Started GET "/products" for 127.0.0.1 at 2025-01-05 11:07:21 -0500
Processing by ProductsController#index as HTML
  Rendering layout layouts/application.html.erb
  Rendering products/index.html.erb within layouts/application
  [1m[36mProduct Load (0.1ms)[0m  [1m[34mSELECT "products".* FROM "products" /*action='index',application='Store',controller='products'*/[0m
  ↳ app/views/products/index.html.erb:4
  Rendered products/index.html.erb within layouts/application (Duration: 0.6ms | GC: 0.0ms)
  Rendered layout layouts/application.html.erb (Duration: 1.1ms | GC: 0.0ms)
Completed 200 OK in 32ms (Views: 1.2ms | ActiveRecord: 0.1ms (1 query, 0 cached) | GC: 0.0ms)


Started GET "/products/1" for 127.0.0.1 at 2025-01-05 11:07:22 -0500
Processing by ProductsController#show as HTML
  Parameters: {"id" => "1"}
  [1m[36mProduct Load (0.1ms)[0m  [1m[34mSELECT "products".* FROM "products" WHERE "products"."id" = 1 LIMIT 1 /*action='show',application='Store',controller='products'*/[0m
  ↳ app/controllers/products_controller.rb:7:in 'ProductsController#show'
  Rendering layout layouts/application.html.erb
  Rendering products/show.html.erb within layouts/application
  Rendered products/show.html.erb within layouts/application (Duration: 0.1ms | GC: 0.0ms)
  Rendered layout layouts/application.html.erb (Duration: 0.6ms | GC: 0.0ms)
Completed 200 OK in 35ms (Views: 0.7ms | ActiveRecord: 0.1ms (1 query, 0 cached) | GC: 0.0ms)


Started GET "/products/2" for 127.0.0.1 at 2025-01-05 11:07:22 -0500
Processing by ProductsController#show as HTML
  Parameters: {"id" => "2"}
  [1m[36mProduct Load (0.1ms)[0m  [1m[34mSELECT "products".* FROM "products" WHERE "products"."id" = 2 LIMIT 1 /*action='show',application='Store',controller='products'*/[0m
  ↳ app/controllers/products_controller.rb:7:in 'ProductsController#show'
  Rendering layout layouts/application.html.erb
  Rendering products/show.html.erb within layouts/application
  Rendered products/show.html.erb within layouts/application (Duration: 0.1ms | GC: 0.0ms)
  Rendered layout layouts/application.html.erb (Duration: 0.5ms | GC: 0.0ms)
Completed 200 OK in 33ms (Views: 0.7ms | ActiveRecord: 0.1ms (1 query, 0 cached) | GC: 0.2ms)


Started GET "/products" for 127.0.0.1 at 2025-01-05 11:07:23 -0500
Processing by ProductsController#index as HTML
  Rendering layout layouts/application.html.erb
  Rendering products/index.html.erb within layouts/application
  [1m[36mProduct Load (0.1ms)[0m  [1m[34mSELECT "products".* FROM "products" /*action='index',application='Store',controller='products'*/[0m
  ↳ app/views/products/index.html.erb:4
  Rendered products/index.html.erb within layouts/application (Duration: 0.7ms | GC: 0.0ms)
  Rendered layout layouts/application.html.erb (Duration: 1.2ms | GC: 0.0ms)
Completed 200 OK in 33ms (Views: 1.3ms | ActiveRecord: 0.1ms (1 query, 0 cached) | GC: 0.0ms)


Started GET "/products/1" for 127.0.0.1 at 2025-01-05 11:07:23 -0500
Processing by ProductsController#show as HTML
  Parameters: {"id" => "1"}
  [1m[36mProduct Load (0.1ms)[0m  [1m[34mSELECT "products".* FROM "products" WHERE "products"."id" = 1 LIMIT 1 /*action='show',application='Store',controller='products'*/[0m
  ↳ app/controllers/products_controller.rb:7:in 'ProductsController#show'
  Rendering layout layouts/application.html.erb
  Rendering products/show.html.erb within layouts/application
  Rendered products/show.html.erb within layouts/application (Duration: 0.1ms | GC: 0.0ms)
  Rendered layout layouts/application.html.erb (Duration: 0.5ms | GC: 0.0ms)
Completed 200 OK in 27ms (Views: 0.6ms | ActiveRecord: 0.1ms (1 query, 0 cached) | GC: 0.8ms)


Started GET "/products" for 127.0.0.1 at 2025-01-05 11:07:40 -0500
Processing by ProductsController#index as HTML
  Rendering layout layouts/application.html.erb
  Rendering products/index.html.erb within layouts/application
  [1m[36mProduct Load (0.6ms)[0m  [1m[34mSELECT "products".* FROM "products" /*action='index',application='Store',controller='products'*/[0m
  ↳ app/views/products/index.html.erb:4
  Rendered products/index.html.erb within layouts/application (Duration: 3.0ms | GC: 0.0ms)
  Rendered layout layouts/application.html.erb (Duration: 3.2ms | GC: 0.0ms)
Completed 500 Internal Server Error in 28ms (ActiveRecord: 0.7ms (1 query, 0 cached) | GC: 0.0ms)


  
ActionView::Template::Error (undefined method 'product_path' for an instance of #<Class:0x0000000124d51220>)
Caused by: NoMethodError (undefined method 'product_path' for an instance of #<Class:0x0000000124d51220>)

Information for: ActionView::Template::Error (undefined method 'product_path' for an instance of #<Class:0x0000000124d51220>):
    3: <div id="products">
    4:   <% @products.each do |product| %>
    5:     <div>
    6:       <%= link_to product.name, product %>
    7:     </div>
    8:   <% end %>
    9: </div>
  
app/views/products/index.html.erb:6
app/views/products/index.html.erb:4

Information for cause: NoMethodError (undefined method 'product_path' for an instance of #<Class:0x0000000124d51220>):
  
app/views/products/index.html.erb:6
app/views/products/index.html.erb:4
Started GET "/products/2" for 127.0.0.1 at 2025-01-05 11:07:52 -0500
Processing by ProductsController#show as HTML
  Parameters: {"id" => "2"}
  [1m[36mProduct Load (0.0ms)[0m  [1m[34mSELECT "products".* FROM "products" WHERE "products"."id" = 2 LIMIT 1 /*action='show',application='Store',controller='products'*/[0m
  ↳ app/controllers/products_controller.rb:7:in 'ProductsController#show'
  Rendering layout layouts/application.html.erb
  Rendering products/show.html.erb within layouts/application
  Rendered products/show.html.erb within layouts/application (Duration: 0.3ms | GC: 0.0ms)
  Rendered layout layouts/application.html.erb (Duration: 1.3ms | GC: 0.0ms)
Completed 200 OK in 26ms (Views: 2.3ms | ActiveRecord: 0.7ms (1 query, 0 cached) | GC: 1.2ms)


Started GET "/products" for 127.0.0.1 at 2025-01-05 11:07:53 -0500
Processing by ProductsController#index as HTML
  Rendering layout layouts/application.html.erb
  Rendering products/index.html.erb within layouts/application
  [1m[36mProduct Load (0.1ms)[0m  [1m[34mSELECT "products".* FROM "products" /*action='index',application='Store',controller='products'*/[0m
  ↳ app/views/products/index.html.erb:4
  Rendered products/index.html.erb within layouts/application (Duration: 0.8ms | GC: 0.0ms)
  Rendered layout layouts/application.html.erb (Duration: 1.2ms | GC: 0.0ms)
Completed 200 OK in 33ms (Views: 1.3ms | ActiveRecord: 0.1ms (1 query, 0 cached) | GC: 0.8ms)


Started GET "/products/1" for 127.0.0.1 at 2025-01-05 11:07:54 -0500
Processing by ProductsController#show as HTML
  Parameters: {"id" => "1"}
  [1m[36mProduct Load (0.1ms)[0m  [1m[34mSELECT "products".* FROM "products" WHERE "products"."id" = 1 LIMIT 1 /*action='show',application='Store',controller='products'*/[0m
  ↳ app/controllers/products_controller.rb:7:in 'ProductsController#show'
  Rendering layout layouts/application.html.erb
  Rendering products/show.html.erb within layouts/application
  Rendered products/show.html.erb within layouts/application (Duration: 0.1ms | GC: 0.0ms)
  Rendered layout layouts/application.html.erb (Duration: 1.0ms | GC: 0.5ms)
Completed 200 OK in 30ms (Views: 1.1ms | ActiveRecord: 0.1ms (1 query, 0 cached) | GC: 0.5ms)


Started GET "/products" for 127.0.0.1 at 2025-01-05 11:09:49 -0500
  [1m[36mActiveRecord::SchemaMigration Load (0.1ms)[0m  [1m[34mSELECT "schema_migrations"."version" FROM "schema_migrations" ORDER BY "schema_migrations"."version" ASC /*application='Store'*/[0m
Processing by ProductsController#index as HTML
  Rendering layout layouts/application.html.erb
  Rendering products/index.html.erb within layouts/application
  [1m[36mProduct Load (0.4ms)[0m  [1m[34mSELECT "products".* FROM "products" /*action='index',application='Store',controller='products'*/[0m
  ↳ app/views/products/index.html.erb:4
  Rendered products/index.html.erb within layouts/application (Duration: 3.2ms | GC: 0.0ms)
  Rendered layout layouts/application.html.erb (Duration: 3.3ms | GC: 0.0ms)
Completed 500 Internal Server Error in 42ms (ActiveRecord: 0.5ms (1 query, 0 cached) | GC: 0.0ms)


  
ActionView::Template::Error (undefined method 'product_path' for an instance of #<Class:0x000000011e93bce0>)
Caused by: NoMethodError (undefined method 'product_path' for an instance of #<Class:0x000000011e93bce0>)

Information for: ActionView::Template::Error (undefined method 'product_path' for an instance of #<Class:0x000000011e93bce0>):
    3: <div id="products">
    4:   <% @products.each do |product| %>
    5:     <div>
    6:       <%= link_to product.name, product %>
    7:     </div>
    8:   <% end %>
    9: </div>
  
app/views/products/index.html.erb:6
app/views/products/index.html.erb:4

Information for cause: NoMethodError (undefined method 'product_path' for an instance of #<Class:0x000000011e93bce0>):
  
app/views/products/index.html.erb:6
app/views/products/index.html.erb:4
Started GET "/products" for 127.0.0.1 at 2025-01-05 11:10:08 -0500
Processing by ProductsController#index as HTML
  Rendering layout layouts/application.html.erb
  Rendering products/index.html.erb within layouts/application
  [1m[36mProduct Load (0.6ms)[0m  [1m[34mSELECT "products".* FROM "products" /*action='index',application='Store',controller='products'*/[0m
  ↳ app/views/products/index.html.erb:4
  Rendered products/index.html.erb within layouts/application (Duration: 3.5ms | GC: 1.0ms)
  Rendered layout layouts/application.html.erb (Duration: 8.7ms | GC: 2.9ms)
Completed 200 OK in 31ms (Views: 8.7ms | ActiveRecord: 0.7ms (1 query, 0 cached) | GC: 2.9ms)


Started GET "/products" for 127.0.0.1 at 2025-01-05 11:12:38 -0500
Processing by ProductsController#index as HTML
  Rendering layout layouts/application.html.erb
  Rendering products/index.html.erb within layouts/application
  [1m[36mProduct Load (0.6ms)[0m  [1m[34mSELECT "products".* FROM "products" /*action='index',application='Store',controller='products'*/[0m
  ↳ app/views/products/index.html.erb:4
  Rendered products/index.html.erb within layouts/application (Duration: 3.1ms | GC: 0.7ms)
  Rendered layout layouts/application.html.erb (Duration: 4.2ms | GC: 0.7ms)
Completed 200 OK in 27ms (Views: 4.2ms | ActiveRecord: 0.7ms (1 query, 0 cached) | GC: 0.7ms)


Started GET "/products" for 127.0.0.1 at 2025-01-05 11:13:02 -0500
Processing by ProductsController#index as HTML
  Rendering layout layouts/application.html.erb
  Rendering products/index.html.erb within layouts/application
  Rendered products/index.html.erb within layouts/application (Duration: 0.4ms | GC: 0.0ms)
  Rendered layout layouts/application.html.erb (Duration: 0.5ms | GC: 0.0ms)
Completed 500 Internal Server Error in 24ms (ActiveRecord: 0.0ms (0 queries, 0 cached) | GC: 0.0ms)


  
ActionView::Template::Error (undefined local variable or method 'new_product_path' for an instance of #<Class:0x000000011fc1abe0>)
Caused by: NameError (undefined local variable or method 'new_product_path' for an instance of #<Class:0x000000011fc1abe0>)

Information for: ActionView::Template::Error (undefined local variable or method 'new_product_path' for an instance of #<Class:0x000000011fc1abe0>):
    1: <h1>Products</h1>
    2: 
    3: <%= link_to "New product", new_product_path %>
    4: 
    5: <div id="products">
    6:   <% @products.each do |product| %>
  
app/views/products/index.html.erb:3

Information for cause: NameError (undefined local variable or method 'new_product_path' for an instance of #<Class:0x000000011fc1abe0>):
  
app/views/products/index.html.erb:3
Started GET "/products" for 127.0.0.1 at 2025-01-05 11:14:14 -0500
Processing by ProductsController#index as HTML
  Rendering layout layouts/application.html.erb
  Rendering products/index.html.erb within layouts/application
  Rendered products/index.html.erb within layouts/application (Duration: 1.2ms | GC: 0.8ms)
  Rendered layout layouts/application.html.erb (Duration: 1.4ms | GC: 0.9ms)
Completed 500 Internal Server Error in 24ms (ActiveRecord: 0.0ms (0 queries, 0 cached) | GC: 2.6ms)


  
ActionView::Template::Error (undefined local variable or method 'new_product_path' for an instance of #<Class:0x000000011fcd41a8>)
Caused by: NameError (undefined local variable or method 'new_product_path' for an instance of #<Class:0x000000011fcd41a8>)

Information for: ActionView::Template::Error (undefined local variable or method 'new_product_path' for an instance of #<Class:0x000000011fcd41a8>):
    1: <h1>Products</h1>
    2: 
    3: <%= link_to "New product", new_product_path %>
    4: 
    5: <div id="products">
    6:   <% @products.each do |product| %>
  
app/views/products/index.html.erb:3

Information for cause: NameError (undefined local variable or method 'new_product_path' for an instance of #<Class:0x000000011fcd41a8>):
  
app/views/products/index.html.erb:3
Started GET "/products" for 127.0.0.1 at 2025-01-05 11:14:23 -0500
Processing by ProductsController#index as HTML
  Rendering layout layouts/application.html.erb
  Rendering products/index.html.erb within layouts/application
  Rendered products/index.html.erb within layouts/application (Duration: 1.0ms | GC: 0.6ms)
  Rendered layout layouts/application.html.erb (Duration: 1.1ms | GC: 0.6ms)
Completed 500 Internal Server Error in 24ms (ActiveRecord: 0.0ms (0 queries, 0 cached) | GC: 2.4ms)


  
ActionView::Template::Error (undefined local variable or method 'new_product_path' for an instance of #<Class:0x000000011fc12f80>)
Caused by: NameError (undefined local variable or method 'new_product_path' for an instance of #<Class:0x000000011fc12f80>)

Information for: ActionView::Template::Error (undefined local variable or method 'new_product_path' for an instance of #<Class:0x000000011fc12f80>):
    1: <h1>Products</h1>
    2: 
    3: #<%= link_to "New product", new_product_path %>
    4: 
    5: <div id="products">
    6:   <% @products.each do |product| %>
  
app/views/products/index.html.erb:3

Information for cause: NameError (undefined local variable or method 'new_product_path' for an instance of #<Class:0x000000011fc12f80>):
  
app/views/products/index.html.erb:3
Started GET "/products" for 127.0.0.1 at 2025-01-05 11:14:38 -0500
Processing by ProductsController#index as HTML
  Rendering layout layouts/application.html.erb
  Rendering products/index.html.erb within layouts/application
  Rendered products/index.html.erb within layouts/application (Duration: 0.4ms | GC: 0.0ms)
  Rendered layout layouts/application.html.erb (Duration: 0.5ms | GC: 0.0ms)
Completed 500 Internal Server Error in 26ms (ActiveRecord: 0.0ms (0 queries, 0 cached) | GC: 1.0ms)


  
ActionView::Template::Error (undefined local variable or method 'new_product_path' for an instance of #<Class:0x000000011fe7c460>)
Caused by: NameError (undefined local variable or method 'new_product_path' for an instance of #<Class:0x000000011fe7c460>)

Information for: ActionView::Template::Error (undefined local variable or method 'new_product_path' for an instance of #<Class:0x000000011fe7c460>):
    1: <h1>Products</h1>
    2: 
    3: #<%= link_to "New product", new_product_path %>
    4: 
    5: <div id="products">
    6:   <% @products.each do |product| %>
  
app/views/products/index.html.erb:3

Information for cause: NameError (undefined local variable or method 'new_product_path' for an instance of #<Class:0x000000011fe7c460>):
  
app/views/products/index.html.erb:3
Started GET "/products" for 127.0.0.1 at 2025-01-05 11:14:45 -0500
Processing by ProductsController#index as HTML
  Rendering layout layouts/application.html.erb
  Rendering products/index.html.erb within layouts/application
  [1m[36mProduct Load (0.5ms)[0m  [1m[34mSELECT "products".* FROM "products" /*action='index',application='Store',controller='products'*/[0m
  ↳ app/views/products/index.html.erb:4
  Rendered products/index.html.erb within layouts/application (Duration: 2.3ms | GC: 0.0ms)
  Rendered layout layouts/application.html.erb (Duration: 3.9ms | GC: 0.6ms)
Completed 200 OK in 27ms (Views: 4.9ms | ActiveRecord: 0.6ms (1 query, 0 cached) | GC: 1.6ms)


Started GET "/products/1" for 127.0.0.1 at 2025-01-05 11:15:14 -0500
Processing by ProductsController#show as HTML
  Parameters: {"id" => "1"}
  [1m[36mProduct Load (0.1ms)[0m  [1m[34mSELECT "products".* FROM "products" WHERE "products"."id" = 1 LIMIT 1 /*action='show',application='Store',controller='products'*/[0m
  ↳ app/controllers/products_controller.rb:7:in 'ProductsController#show'
  Rendering layout layouts/application.html.erb
  Rendering products/show.html.erb within layouts/application
  Rendered products/show.html.erb within layouts/application (Duration: 0.3ms | GC: 0.0ms)
  Rendered layout layouts/application.html.erb (Duration: 0.7ms | GC: 0.0ms)
Completed 200 OK in 33ms (Views: 0.8ms | ActiveRecord: 0.1ms (1 query, 0 cached) | GC: 0.0ms)


Started GET "/products" for 127.0.0.1 at 2025-01-05 11:15:15 -0500
Processing by ProductsController#index as HTML
  Rendering layout layouts/application.html.erb
  Rendering products/index.html.erb within layouts/application
  [1m[36mProduct Load (0.1ms)[0m  [1m[34mSELECT "products".* FROM "products" /*action='index',application='Store',controller='products'*/[0m
  ↳ app/views/products/index.html.erb:4
  Rendered products/index.html.erb within layouts/application (Duration: 0.7ms | GC: 0.0ms)
  Rendered layout layouts/application.html.erb (Duration: 1.2ms | GC: 0.0ms)
Completed 200 OK in 35ms (Views: 1.3ms | ActiveRecord: 0.1ms (1 query, 0 cached) | GC: 0.0ms)


Started GET "/products/1" for 127.0.0.1 at 2025-01-05 11:15:16 -0500
Processing by ProductsController#show as HTML
  Parameters: {"id" => "1"}
  [1m[36mProduct Load (0.1ms)[0m  [1m[34mSELECT "products".* FROM "products" WHERE "products"."id" = 1 LIMIT 1 /*action='show',application='Store',controller='products'*/[0m
  ↳ app/controllers/products_controller.rb:7:in 'ProductsController#show'
  Rendering layout layouts/application.html.erb
  Rendering products/show.html.erb within layouts/application
  Rendered products/show.html.erb within layouts/application (Duration: 0.1ms | GC: 0.0ms)
  Rendered layout layouts/application.html.erb (Duration: 0.6ms | GC: 0.0ms)
Completed 200 OK in 35ms (Views: 0.7ms | ActiveRecord: 0.1ms (1 query, 0 cached) | GC: 0.0ms)


Started GET "/products/2" for 127.0.0.1 at 2025-01-05 11:15:16 -0500
Processing by ProductsController#show as HTML
  Parameters: {"id" => "2"}
  [1m[36mProduct Load (0.1ms)[0m  [1m[34mSELECT "products".* FROM "products" WHERE "products"."id" = 2 LIMIT 1 /*action='show',application='Store',controller='products'*/[0m
  ↳ app/controllers/products_controller.rb:7:in 'ProductsController#show'
  Rendering layout layouts/application.html.erb
  Rendering products/show.html.erb within layouts/application
  Rendered products/show.html.erb within layouts/application (Duration: 0.1ms | GC: 0.0ms)
  Rendered layout layouts/application.html.erb (Duration: 0.5ms | GC: 0.0ms)
Completed 200 OK in 34ms (Views: 0.7ms | ActiveRecord: 0.1ms (1 query, 0 cached) | GC: 0.0ms)


Started GET "/products" for 127.0.0.1 at 2025-01-05 11:15:17 -0500
Processing by ProductsController#index as HTML
  Rendering layout layouts/application.html.erb
  Rendering products/index.html.erb within layouts/application
  [1m[36mProduct Load (0.1ms)[0m  [1m[34mSELECT "products".* FROM "products" /*action='index',application='Store',controller='products'*/[0m
  ↳ app/views/products/index.html.erb:4
  Rendered products/index.html.erb within layouts/application (Duration: 0.6ms | GC: 0.0ms)
  Rendered layout layouts/application.html.erb (Duration: 1.1ms | GC: 0.0ms)
Completed 200 OK in 33ms (Views: 1.2ms | ActiveRecord: 0.1ms (1 query, 0 cached) | GC: 0.0ms)


Started GET "/products/1" for 127.0.0.1 at 2025-01-05 11:15:17 -0500
Processing by ProductsController#show as HTML
  Parameters: {"id" => "1"}
  [1m[36mProduct Load (0.1ms)[0m  [1m[34mSELECT "products".* FROM "products" WHERE "products"."id" = 1 LIMIT 1 /*action='show',application='Store',controller='products'*/[0m
  ↳ app/controllers/products_controller.rb:7:in 'ProductsController#show'
  Rendering layout layouts/application.html.erb
  Rendering products/show.html.erb within layouts/application
  Rendered products/show.html.erb within layouts/application (Duration: 0.1ms | GC: 0.0ms)
  Rendered layout layouts/application.html.erb (Duration: 0.6ms | GC: 0.0ms)
Completed 200 OK in 35ms (Views: 0.8ms | ActiveRecord: 0.1ms (1 query, 0 cached) | GC: 0.0ms)


Started GET "/" for 127.0.0.1 at 2025-01-05 11:15:22 -0500
Processing by ProductsController#index as HTML
  Rendering layout layouts/application.html.erb
  Rendering products/index.html.erb within layouts/application
  [1m[36mProduct Load (0.1ms)[0m  [1m[34mSELECT "products".* FROM "products" /*action='index',application='Store',controller='products'*/[0m
  ↳ app/views/products/index.html.erb:4
  Rendered products/index.html.erb within layouts/application (Duration: 0.7ms | GC: 0.0ms)
  Rendered layout layouts/application.html.erb (Duration: 1.2ms | GC: 0.0ms)
Completed 200 OK in 31ms (Views: 1.3ms | ActiveRecord: 0.1ms (1 query, 0 cached) | GC: 0.0ms)


